<?xml version="1.0" encoding="UTF-8"?>
<!-- Generated by org.testng.reporters.JUnitReportReporter -->
<testsuite hostname="DESKTOP-223TQEO" failures="0" tests="1" name="Com.Ecommerce.TestCases.TC_NewRegistration" time="9.274" errors="0" timestamp="2023-01-20T13:22:24 IST" skipped="0">
  <testcase classname="Com.Ecommerce.TestCases.TC_NewRegistration" name="Registration" time="9.274"/>
  <system-out/>
</testsuite> <!-- Com.Ecommerce.TestCases.TC_NewRegistration -->
